Compiling the C compiler identification source file "CMakeCCompilerId.c" failed.
Compiler: C:/Library/CubeIDE_tools/arm-none-eabi-gcc.exe 
Build flags: 
Id flags:  

The output was:
1
arm-none-eabi-gcc.exe: fatal error: cannot execute 'cc1': CreateProcess: No such file or directory
compilation terminated.


Compiling the C compiler identification source file "CMakeCCompilerId.c" failed.
Compiler: C:/Library/CubeIDE_tools/arm-none-eabi-gcc.exe 
Build flags: 
Id flags: -c 

The output was:
1
arm-none-eabi-gcc.exe: fatal error: cannot execute 'cc1': CreateProcess: No such file or directory
compilation terminated.


Compiling the C compiler identification source file "CMakeCCompilerId.c" failed.
Compiler: C:/Library/CubeIDE_tools/arm-none-eabi-gcc.exe 
Build flags: 
Id flags: -Aa 

The output was:
1
arm-none-eabi-gcc.exe: fatal error: cannot execute 'cc1': CreateProcess: No such file or directory
compilation terminated.


Compiling the C compiler identification source file "CMakeCCompilerId.c" failed.
Compiler: C:/Library/CubeIDE_tools/arm-none-eabi-gcc.exe 
Build flags: 
Id flags: -D__CLASSIC_C__ 

The output was:
1
arm-none-eabi-gcc.exe: fatal error: cannot execute 'cc1': CreateProcess: No such file or directory
compilation terminated.


Compiling the C compiler identification source file "CMakeCCompilerId.c" failed.
Compiler: C:/Library/CubeIDE_tools/arm-none-eabi-gcc.exe 
Build flags: 
Id flags: --target=arm-arm-none-eabi;-mcpu=cortex-m3 

The output was:
1
arm-none-eabi-gcc.exe: error: unrecognized command-line option '--target=arm-arm-none-eabi'


Compiling the C compiler identification source file "CMakeCCompilerId.c" failed.
Compiler: C:/Library/CubeIDE_tools/arm-none-eabi-gcc.exe 
Build flags: 
Id flags:  

The output was:
1
arm-none-eabi-gcc.exe: fatal error: cannot execute 'cc1': CreateProcess: No such file or directory
compilation terminated.


Compiling the C compiler identification source file "CMakeCCompilerId.c" failed.
Compiler: C:/Library/CubeIDE_tools/arm-none-eabi-gcc.exe 
Build flags: 
Id flags: -c 

The output was:
1
arm-none-eabi-gcc.exe: fatal error: cannot execute 'cc1': CreateProcess: No such file or directory
compilation terminated.


Compiling the C compiler identification source file "CMakeCCompilerId.c" failed.
Compiler: C:/Library/CubeIDE_tools/arm-none-eabi-gcc.exe 
Build flags: 
Id flags: -Aa 

The output was:
1
arm-none-eabi-gcc.exe: fatal error: cannot execute 'cc1': CreateProcess: No such file or directory
compilation terminated.


Compiling the C compiler identification source file "CMakeCCompilerId.c" failed.
Compiler: C:/Library/CubeIDE_tools/arm-none-eabi-gcc.exe 
Build flags: 
Id flags: -D__CLASSIC_C__ 

The output was:
1
arm-none-eabi-gcc.exe: fatal error: cannot execute 'cc1': CreateProcess: No such file or directory
compilation terminated.


Compiling the C compiler identification source file "CMakeCCompilerId.c" failed.
Compiler: C:/Library/CubeIDE_tools/arm-none-eabi-gcc.exe 
Build flags: 
Id flags: --target=arm-arm-none-eabi;-mcpu=cortex-m3 

The output was:
1
arm-none-eabi-gcc.exe: error: unrecognized command-line option '--target=arm-arm-none-eabi'


Checking whether the C compiler is IAR using "" did not match "IAR .+ Compiler":
arm-none-eabi-gcc.exe: fatal error: no input files
compilation terminated.
Checking whether the C compiler is IAR using "" did not match "IAR .+ Compiler":
arm-none-eabi-gcc.exe: fatal error: no input files
compilation terminated.
Compiling the CXX compiler identification source file "CMakeCXXCompilerId.cpp" failed.
Compiler: C:/Library/CubeIDE_tools/arm-none-eabi-g++.exe 
Build flags: 
Id flags:  

The output was:
1
arm-none-eabi-g++.exe: fatal error: cannot execute 'cc1plus': CreateProcess: No such file or directory
compilation terminated.


Compiling the CXX compiler identification source file "CMakeCXXCompilerId.cpp" failed.
Compiler: C:/Library/CubeIDE_tools/arm-none-eabi-g++.exe 
Build flags: 
Id flags: -c 

The output was:
1
arm-none-eabi-g++.exe: fatal error: cannot execute 'cc1plus': CreateProcess: No such file or directory
compilation terminated.


Compiling the CXX compiler identification source file "CMakeCXXCompilerId.cpp" failed.
Compiler: C:/Library/CubeIDE_tools/arm-none-eabi-g++.exe 
Build flags: 
Id flags: --c++ 

The output was:
1
arm-none-eabi-g++.exe: error: unrecognized command-line option '--c++'


Compiling the CXX compiler identification source file "CMakeCXXCompilerId.cpp" failed.
Compiler: C:/Library/CubeIDE_tools/arm-none-eabi-g++.exe 
Build flags: 
Id flags: --ec++ 

The output was:
1
arm-none-eabi-g++.exe: error: unrecognized command-line option '--ec++'; did you mean '-Weffc++'?


Compiling the CXX compiler identification source file "CMakeCXXCompilerId.cpp" failed.
Compiler: C:/Library/CubeIDE_tools/arm-none-eabi-g++.exe 
Build flags: 
Id flags: --target=arm-arm-none-eabi;-mcpu=cortex-m3 

The output was:
1
arm-none-eabi-g++.exe: error: unrecognized command-line option '--target=arm-arm-none-eabi'


Compiling the CXX compiler identification source file "CMakeCXXCompilerId.cpp" failed.
Compiler: C:/Library/CubeIDE_tools/arm-none-eabi-g++.exe 
Build flags: 
Id flags:  

The output was:
1
arm-none-eabi-g++.exe: fatal error: cannot execute 'cc1plus': CreateProcess: No such file or directory
compilation terminated.


Compiling the CXX compiler identification source file "CMakeCXXCompilerId.cpp" failed.
Compiler: C:/Library/CubeIDE_tools/arm-none-eabi-g++.exe 
Build flags: 
Id flags: -c 

The output was:
1
arm-none-eabi-g++.exe: fatal error: cannot execute 'cc1plus': CreateProcess: No such file or directory
compilation terminated.


Compiling the CXX compiler identification source file "CMakeCXXCompilerId.cpp" failed.
Compiler: C:/Library/CubeIDE_tools/arm-none-eabi-g++.exe 
Build flags: 
Id flags: --c++ 

The output was:
1
arm-none-eabi-g++.exe: error: unrecognized command-line option '--c++'


Compiling the CXX compiler identification source file "CMakeCXXCompilerId.cpp" failed.
Compiler: C:/Library/CubeIDE_tools/arm-none-eabi-g++.exe 
Build flags: 
Id flags: --ec++ 

The output was:
1
arm-none-eabi-g++.exe: error: unrecognized command-line option '--ec++'; did you mean '-Weffc++'?


Compiling the CXX compiler identification source file "CMakeCXXCompilerId.cpp" failed.
Compiler: C:/Library/CubeIDE_tools/arm-none-eabi-g++.exe 
Build flags: 
Id flags: --target=arm-arm-none-eabi;-mcpu=cortex-m3 

The output was:
1
arm-none-eabi-g++.exe: error: unrecognized command-line option '--target=arm-arm-none-eabi'


Checking whether the CXX compiler is IAR using "" did not match "IAR .+ Compiler":
arm-none-eabi-g++.exe: fatal error: no input files
compilation terminated.
Checking whether the CXX compiler is IAR using "" did not match "IAR .+ Compiler":
arm-none-eabi-g++.exe: fatal error: no input files
compilation terminated.
Detecting C compiler ABI info failed to compile with the following output:
Change Dir: D:/WORKSPACE_WIN/STM32_WORKSPACE/lab_13/build/CMakeFiles/CMakeTmp

Run Build Command(s):C:/Users/Mark455/AppData/Roaming/Code/User/globalStorage/ms-vscode.vscode-embedded-tools/vcpkg/root/downloads/artifacts/vcpkg-ce-default/tools.ninja.build.ninja/1.10.2/ninja.exe cmTC_eeb79 && [1/2] Building C object CMakeFiles\cmTC_eeb79.dir\CMakeCCompilerABI.c.obj
FAILED: CMakeFiles/cmTC_eeb79.dir/CMakeCCompilerABI.c.obj 
C:\Library\CubeIDE_tools\arm-none-eabi-gcc.exe    -o CMakeFiles\cmTC_eeb79.dir\CMakeCCompilerABI.c.obj -c C:\Users\Mark455\AppData\Roaming\Code\User\globalStorage\ms-vscode.vscode-embedded-tools\vcpkg\root\downloads\artifacts\vcpkg-ce-default\tools.kitware.cmake\3.20.1\share\cmake-3.20\Modules\CMakeCCompilerABI.c
arm-none-eabi-gcc.exe: fatal error: cannot execute 'cc1': CreateProcess: No such file or directory
compilation terminated.
ninja: build stopped: subcommand failed.




Determining if the C compiler works failed with the following output:
Change Dir: D:/WORKSPACE_WIN/STM32_WORKSPACE/lab_13/build/CMakeFiles/CMakeTmp

Run Build Command(s):C:/Users/Mark455/AppData/Roaming/Code/User/globalStorage/ms-vscode.vscode-embedded-tools/vcpkg/root/downloads/artifacts/vcpkg-ce-default/tools.ninja.build.ninja/1.10.2/ninja.exe cmTC_2f54b && [1/2] Building C object CMakeFiles\cmTC_2f54b.dir\testCCompiler.c.obj
FAILED: CMakeFiles/cmTC_2f54b.dir/testCCompiler.c.obj 
C:\Library\CubeIDE_tools\arm-none-eabi-gcc.exe    -o CMakeFiles\cmTC_2f54b.dir\testCCompiler.c.obj -c testCCompiler.c
arm-none-eabi-gcc.exe: fatal error: cannot execute 'cc1': CreateProcess: No such file or directory
compilation terminated.
ninja: build stopped: subcommand failed.



